ERROR - 2022-01-29 00:29:53 --> Column 'nama' cannot be null
CRITICAL - 2022-01-29 00:29:53 --> Column 'nama' cannot be null
#0 C:\xampp\htdocs\project2\vendor\codeigniter4\framework\system\Database\MySQLi\Connection.php(292): mysqli->query('INSERT INTO `da...', 0)
#1 C:\xampp\htdocs\project2\vendor\codeigniter4\framework\system\Database\BaseConnection.php(670): CodeIgniter\Database\MySQLi\Connection->execute('INSERT INTO `da...')
#2 C:\xampp\htdocs\project2\vendor\codeigniter4\framework\system\Database\BaseConnection.php(598): CodeIgniter\Database\BaseConnection->simpleQuery('INSERT INTO `da...')
#3 C:\xampp\htdocs\project2\vendor\codeigniter4\framework\system\Database\BaseBuilder.php(1771): CodeIgniter\Database\BaseConnection->query('INSERT INTO `da...', Array, false)
#4 C:\xampp\htdocs\project2\vendor\codeigniter4\framework\system\Model.php(239): CodeIgniter\Database\BaseBuilder->insert()
#5 C:\xampp\htdocs\project2\vendor\codeigniter4\framework\system\BaseModel.php(738): CodeIgniter\Model->doInsert(Array)
#6 C:\xampp\htdocs\project2\vendor\codeigniter4\framework\system\Model.php(625): CodeIgniter\BaseModel->insert(Array, true)
#7 C:\xampp\htdocs\project2\app\Controllers\Admin.php(33): CodeIgniter\Model->insert(Array)
#8 C:\xampp\htdocs\project2\vendor\codeigniter4\framework\system\CodeIgniter.php(825): App\Controllers\Admin->input()
#9 C:\xampp\htdocs\project2\vendor\codeigniter4\framework\system\CodeIgniter.php(412): CodeIgniter\CodeIgniter->runController(Object(App\Controllers\Admin))
#10 C:\xampp\htdocs\project2\vendor\codeigniter4\framework\system\CodeIgniter.php(320): CodeIgniter\CodeIgniter->handleRequest(NULL, Object(Config\Cache), false)
#11 C:\xampp\htdocs\project2\public\index.php(37): CodeIgniter\CodeIgniter->run()
#12 C:\xampp\htdocs\project2\vendor\codeigniter4\framework\system\Commands\Server\rewrite.php(43): require_once('C:\\xampp\\htdocs...')
#13 {main}
ERROR - 2022-01-29 00:35:19 --> Duplicate entry '1' for key 'PRIMARY'
CRITICAL - 2022-01-29 00:35:19 --> Duplicate entry '1' for key 'PRIMARY'
#0 C:\xampp\htdocs\project2\vendor\codeigniter4\framework\system\Database\MySQLi\Connection.php(292): mysqli->query('INSERT INTO `da...', 0)
#1 C:\xampp\htdocs\project2\vendor\codeigniter4\framework\system\Database\BaseConnection.php(670): CodeIgniter\Database\MySQLi\Connection->execute('INSERT INTO `da...')
#2 C:\xampp\htdocs\project2\vendor\codeigniter4\framework\system\Database\BaseConnection.php(598): CodeIgniter\Database\BaseConnection->simpleQuery('INSERT INTO `da...')
#3 C:\xampp\htdocs\project2\vendor\codeigniter4\framework\system\Database\BaseBuilder.php(1771): CodeIgniter\Database\BaseConnection->query('INSERT INTO `da...', Array, false)
#4 C:\xampp\htdocs\project2\vendor\codeigniter4\framework\system\Model.php(239): CodeIgniter\Database\BaseBuilder->insert()
#5 C:\xampp\htdocs\project2\vendor\codeigniter4\framework\system\BaseModel.php(738): CodeIgniter\Model->doInsert(Array)
#6 C:\xampp\htdocs\project2\vendor\codeigniter4\framework\system\Model.php(625): CodeIgniter\BaseModel->insert(Array, true)
#7 C:\xampp\htdocs\project2\app\Controllers\Admin.php(33): CodeIgniter\Model->insert(Array)
#8 C:\xampp\htdocs\project2\vendor\codeigniter4\framework\system\CodeIgniter.php(825): App\Controllers\Admin->input()
#9 C:\xampp\htdocs\project2\vendor\codeigniter4\framework\system\CodeIgniter.php(412): CodeIgniter\CodeIgniter->runController(Object(App\Controllers\Admin))
#10 C:\xampp\htdocs\project2\vendor\codeigniter4\framework\system\CodeIgniter.php(320): CodeIgniter\CodeIgniter->handleRequest(NULL, Object(Config\Cache), false)
#11 C:\xampp\htdocs\project2\public\index.php(37): CodeIgniter\CodeIgniter->run()
#12 C:\xampp\htdocs\project2\vendor\codeigniter4\framework\system\Commands\Server\rewrite.php(43): require_once('C:\\xampp\\htdocs...')
#13 {main}
ERROR - 2022-01-29 00:51:20 --> Duplicate entry '2' for key 'PRIMARY'
CRITICAL - 2022-01-29 00:51:20 --> Duplicate entry '2' for key 'PRIMARY'
#0 C:\xampp\htdocs\project2\vendor\codeigniter4\framework\system\Database\MySQLi\Connection.php(292): mysqli->query('INSERT INTO `da...', 0)
#1 C:\xampp\htdocs\project2\vendor\codeigniter4\framework\system\Database\BaseConnection.php(670): CodeIgniter\Database\MySQLi\Connection->execute('INSERT INTO `da...')
#2 C:\xampp\htdocs\project2\vendor\codeigniter4\framework\system\Database\BaseConnection.php(598): CodeIgniter\Database\BaseConnection->simpleQuery('INSERT INTO `da...')
#3 C:\xampp\htdocs\project2\vendor\codeigniter4\framework\system\Database\BaseBuilder.php(1771): CodeIgniter\Database\BaseConnection->query('INSERT INTO `da...', Array, false)
#4 C:\xampp\htdocs\project2\vendor\codeigniter4\framework\system\Model.php(239): CodeIgniter\Database\BaseBuilder->insert()
#5 C:\xampp\htdocs\project2\vendor\codeigniter4\framework\system\BaseModel.php(738): CodeIgniter\Model->doInsert(Array)
#6 C:\xampp\htdocs\project2\vendor\codeigniter4\framework\system\Model.php(625): CodeIgniter\BaseModel->insert(Array, true)
#7 C:\xampp\htdocs\project2\app\Controllers\Admin.php(42): CodeIgniter\Model->insert(Array)
#8 C:\xampp\htdocs\project2\app\Controllers\Admin.php(18): App\Controllers\Admin->submit()
#9 C:\xampp\htdocs\project2\vendor\codeigniter4\framework\system\CodeIgniter.php(825): App\Controllers\Admin->input()
#10 C:\xampp\htdocs\project2\vendor\codeigniter4\framework\system\CodeIgniter.php(412): CodeIgniter\CodeIgniter->runController(Object(App\Controllers\Admin))
#11 C:\xampp\htdocs\project2\vendor\codeigniter4\framework\system\CodeIgniter.php(320): CodeIgniter\CodeIgniter->handleRequest(NULL, Object(Config\Cache), false)
#12 C:\xampp\htdocs\project2\public\index.php(37): CodeIgniter\CodeIgniter->run()
#13 C:\xampp\htdocs\project2\vendor\codeigniter4\framework\system\Commands\Server\rewrite.php(43): require_once('C:\\xampp\\htdocs...')
#14 {main}
CRITICAL - 2022-01-29 03:39:15 --> Undefined index: nama
#0 C:\xampp\htdocs\project2\app\Controllers\Admin.php(53): CodeIgniter\Debug\Exceptions->errorHandler(8, 'Undefined index...', 'C:\\xampp\\htdocs...', 53, Array)
#1 C:\xampp\htdocs\project2\vendor\codeigniter4\framework\system\CodeIgniter.php(825): App\Controllers\Admin->data()
#2 C:\xampp\htdocs\project2\vendor\codeigniter4\framework\system\CodeIgniter.php(412): CodeIgniter\CodeIgniter->runController(Object(App\Controllers\Admin))
#3 C:\xampp\htdocs\project2\vendor\codeigniter4\framework\system\CodeIgniter.php(320): CodeIgniter\CodeIgniter->handleRequest(NULL, Object(Config\Cache), false)
#4 C:\xampp\htdocs\project2\public\index.php(37): CodeIgniter\CodeIgniter->run()
#5 C:\xampp\htdocs\project2\vendor\codeigniter4\framework\system\Commands\Server\rewrite.php(43): require_once('C:\\xampp\\htdocs...')
#6 {main}
CRITICAL - 2022-01-29 03:39:46 --> Undefined index: draw
#0 C:\xampp\htdocs\project2\app\Controllers\Admin.php(63): CodeIgniter\Debug\Exceptions->errorHandler(8, 'Undefined index...', 'C:\\xampp\\htdocs...', 63, Array)
#1 C:\xampp\htdocs\project2\vendor\codeigniter4\framework\system\CodeIgniter.php(825): App\Controllers\Admin->data()
#2 C:\xampp\htdocs\project2\vendor\codeigniter4\framework\system\CodeIgniter.php(412): CodeIgniter\CodeIgniter->runController(Object(App\Controllers\Admin))
#3 C:\xampp\htdocs\project2\vendor\codeigniter4\framework\system\CodeIgniter.php(320): CodeIgniter\CodeIgniter->handleRequest(NULL, Object(Config\Cache), false)
#4 C:\xampp\htdocs\project2\public\index.php(37): CodeIgniter\CodeIgniter->run()
#5 C:\xampp\htdocs\project2\vendor\codeigniter4\framework\system\Commands\Server\rewrite.php(43): require_once('C:\\xampp\\htdocs...')
#6 {main}
CRITICAL - 2022-01-29 03:41:30 --> Undefined index: draw
#0 C:\xampp\htdocs\project2\app\Controllers\Admin.php(63): CodeIgniter\Debug\Exceptions->errorHandler(8, 'Undefined index...', 'C:\\xampp\\htdocs...', 63, Array)
#1 C:\xampp\htdocs\project2\vendor\codeigniter4\framework\system\CodeIgniter.php(825): App\Controllers\Admin->data()
#2 C:\xampp\htdocs\project2\vendor\codeigniter4\framework\system\CodeIgniter.php(412): CodeIgniter\CodeIgniter->runController(Object(App\Controllers\Admin))
#3 C:\xampp\htdocs\project2\vendor\codeigniter4\framework\system\CodeIgniter.php(320): CodeIgniter\CodeIgniter->handleRequest(NULL, Object(Config\Cache), false)
#4 C:\xampp\htdocs\project2\public\index.php(37): CodeIgniter\CodeIgniter->run()
#5 C:\xampp\htdocs\project2\vendor\codeigniter4\framework\system\Commands\Server\rewrite.php(43): require_once('C:\\xampp\\htdocs...')
#6 {main}
CRITICAL - 2022-01-29 04:15:30 --> Call to a member function findAll() on null
#0 C:\xampp\htdocs\project2\vendor\codeigniter4\framework\system\CodeIgniter.php(825): App\Controllers\Admin->data()
#1 C:\xampp\htdocs\project2\vendor\codeigniter4\framework\system\CodeIgniter.php(412): CodeIgniter\CodeIgniter->runController(Object(App\Controllers\Admin))
#2 C:\xampp\htdocs\project2\vendor\codeigniter4\framework\system\CodeIgniter.php(320): CodeIgniter\CodeIgniter->handleRequest(NULL, Object(Config\Cache), false)
#3 C:\xampp\htdocs\project2\public\index.php(37): CodeIgniter\CodeIgniter->run()
#4 C:\xampp\htdocs\project2\vendor\codeigniter4\framework\system\Commands\Server\rewrite.php(43): require_once('C:\\xampp\\htdocs...')
#5 {main}
CRITICAL - 2022-01-29 04:56:37 --> Function name must be a string
#0 C:\xampp\htdocs\project2\vendor\codeigniter4\framework\system\CodeIgniter.php(825): App\Controllers\Admin->data()
#1 C:\xampp\htdocs\project2\vendor\codeigniter4\framework\system\CodeIgniter.php(412): CodeIgniter\CodeIgniter->runController(Object(App\Controllers\Admin))
#2 C:\xampp\htdocs\project2\vendor\codeigniter4\framework\system\CodeIgniter.php(320): CodeIgniter\CodeIgniter->handleRequest(NULL, Object(Config\Cache), false)
#3 C:\xampp\htdocs\project2\public\index.php(37): CodeIgniter\CodeIgniter->run()
#4 C:\xampp\htdocs\project2\vendor\codeigniter4\framework\system\Commands\Server\rewrite.php(43): require_once('C:\\xampp\\htdocs...')
#5 {main}
CRITICAL - 2022-01-29 05:14:42 --> Cannot use isset() on the result of an expression (you can use "null !== expression" instead)
#0 [internal function]: CodeIgniter\Debug\Exceptions->shutdownHandler()
#1 {main}
ERROR - 2022-01-29 05:22:31 --> Duplicate entry '2' for key 'PRIMARY'
CRITICAL - 2022-01-29 05:22:31 --> Duplicate entry '2' for key 'PRIMARY'
#0 C:\xampp\htdocs\project2\vendor\codeigniter4\framework\system\Database\MySQLi\Connection.php(292): mysqli->query('INSERT INTO `da...', 0)
#1 C:\xampp\htdocs\project2\vendor\codeigniter4\framework\system\Database\BaseConnection.php(670): CodeIgniter\Database\MySQLi\Connection->execute('INSERT INTO `da...')
#2 C:\xampp\htdocs\project2\vendor\codeigniter4\framework\system\Database\BaseConnection.php(598): CodeIgniter\Database\BaseConnection->simpleQuery('INSERT INTO `da...')
#3 C:\xampp\htdocs\project2\vendor\codeigniter4\framework\system\Database\BaseBuilder.php(1771): CodeIgniter\Database\BaseConnection->query('INSERT INTO `da...', Array, false)
#4 C:\xampp\htdocs\project2\vendor\codeigniter4\framework\system\Model.php(239): CodeIgniter\Database\BaseBuilder->insert()
#5 C:\xampp\htdocs\project2\vendor\codeigniter4\framework\system\BaseModel.php(738): CodeIgniter\Model->doInsert(Array)
#6 C:\xampp\htdocs\project2\vendor\codeigniter4\framework\system\Model.php(625): CodeIgniter\BaseModel->insert(Array, true)
#7 C:\xampp\htdocs\project2\app\Controllers\Admin.php(41): CodeIgniter\Model->insert(Array)
#8 C:\xampp\htdocs\project2\vendor\codeigniter4\framework\system\CodeIgniter.php(825): App\Controllers\Admin->submit()
#9 C:\xampp\htdocs\project2\vendor\codeigniter4\framework\system\CodeIgniter.php(412): CodeIgniter\CodeIgniter->runController(Object(App\Controllers\Admin))
#10 C:\xampp\htdocs\project2\vendor\codeigniter4\framework\system\CodeIgniter.php(320): CodeIgniter\CodeIgniter->handleRequest(NULL, Object(Config\Cache), false)
#11 C:\xampp\htdocs\project2\public\index.php(37): CodeIgniter\CodeIgniter->run()
#12 C:\xampp\htdocs\project2\vendor\codeigniter4\framework\system\Commands\Server\rewrite.php(43): require_once('C:\\xampp\\htdocs...')
#13 {main}
ERROR - 2022-01-29 05:39:43 --> You have an error in your SQL syntax; check the manual that corresponds to your MariaDB server version for the right syntax to use near '-1, 1' at line 3
CRITICAL - 2022-01-29 05:39:43 --> You have an error in your SQL syntax; check the manual that corresponds to your MariaDB server version for the right syntax to use near '-1, 1' at line 3
#0 C:\xampp\htdocs\project2\vendor\codeigniter4\framework\system\Database\MySQLi\Connection.php(292): mysqli->query('SELECT *\nFROM `...', 0)
#1 C:\xampp\htdocs\project2\vendor\codeigniter4\framework\system\Database\BaseConnection.php(670): CodeIgniter\Database\MySQLi\Connection->execute('SELECT *\nFROM `...')
#2 C:\xampp\htdocs\project2\vendor\codeigniter4\framework\system\Database\BaseConnection.php(598): CodeIgniter\Database\BaseConnection->simpleQuery('SELECT *\nFROM `...')
#3 C:\xampp\htdocs\project2\vendor\codeigniter4\framework\system\Database\BaseBuilder.php(1455): CodeIgniter\Database\BaseConnection->query('SELECT *\nFROM `...', Array, false)
#4 C:\xampp\htdocs\project2\vendor\codeigniter4\framework\system\Model.php(183): CodeIgniter\Database\BaseBuilder->get()
#5 C:\xampp\htdocs\project2\vendor\codeigniter4\framework\system\BaseModel.php(584): CodeIgniter\Model->doFindAll(1, -1)
#6 C:\xampp\htdocs\project2\app\Controllers\Admin.php(55): CodeIgniter\BaseModel->findAll(1, -1)
#7 C:\xampp\htdocs\project2\vendor\codeigniter4\framework\system\CodeIgniter.php(825): App\Controllers\Admin->data()
#8 C:\xampp\htdocs\project2\vendor\codeigniter4\framework\system\CodeIgniter.php(412): CodeIgniter\CodeIgniter->runController(Object(App\Controllers\Admin))
#9 C:\xampp\htdocs\project2\vendor\codeigniter4\framework\system\CodeIgniter.php(320): CodeIgniter\CodeIgniter->handleRequest(NULL, Object(Config\Cache), false)
#10 C:\xampp\htdocs\project2\public\index.php(37): CodeIgniter\CodeIgniter->run()
#11 C:\xampp\htdocs\project2\vendor\codeigniter4\framework\system\Commands\Server\rewrite.php(43): require_once('C:\\xampp\\htdocs...')
#12 {main}
CRITICAL - 2022-01-29 06:09:14 --> count(): Parameter must be an array or an object that implements Countable
#0 [internal function]: CodeIgniter\Debug\Exceptions->errorHandler(2, 'count(): Parame...', 'C:\\xampp\\htdocs...', 70, Array)
#1 C:\xampp\htdocs\project2\app\Controllers\Admin.php(70): count(NULL)
#2 C:\xampp\htdocs\project2\vendor\codeigniter4\framework\system\CodeIgniter.php(825): App\Controllers\Admin->data()
#3 C:\xampp\htdocs\project2\vendor\codeigniter4\framework\system\CodeIgniter.php(412): CodeIgniter\CodeIgniter->runController(Object(App\Controllers\Admin))
#4 C:\xampp\htdocs\project2\vendor\codeigniter4\framework\system\CodeIgniter.php(320): CodeIgniter\CodeIgniter->handleRequest(NULL, Object(Config\Cache), false)
#5 C:\xampp\htdocs\project2\public\index.php(37): CodeIgniter\CodeIgniter->run()
#6 C:\xampp\htdocs\project2\vendor\codeigniter4\framework\system\Commands\Server\rewrite.php(43): require_once('C:\\xampp\\htdocs...')
#7 {main}
CRITICAL - 2022-01-29 10:27:18 --> Deletes are not allowed unless they contain a "where" or "like" clause.
#0 C:\xampp\htdocs\project2\vendor\codeigniter4\framework\system\Model.php(359): CodeIgniter\Database\BaseBuilder->delete()
#1 C:\xampp\htdocs\project2\vendor\codeigniter4\framework\system\BaseModel.php(963): CodeIgniter\Model->doDelete(NULL, false)
#2 C:\xampp\htdocs\project2\app\Controllers\Admin.php(115): CodeIgniter\BaseModel->delete(NULL)
#3 C:\xampp\htdocs\project2\vendor\codeigniter4\framework\system\CodeIgniter.php(825): App\Controllers\Admin->delete()
#4 C:\xampp\htdocs\project2\vendor\codeigniter4\framework\system\CodeIgniter.php(412): CodeIgniter\CodeIgniter->runController(Object(App\Controllers\Admin))
#5 C:\xampp\htdocs\project2\vendor\codeigniter4\framework\system\CodeIgniter.php(320): CodeIgniter\CodeIgniter->handleRequest(NULL, Object(Config\Cache), false)
#6 C:\xampp\htdocs\project2\public\index.php(37): CodeIgniter\CodeIgniter->run()
#7 C:\xampp\htdocs\project2\vendor\codeigniter4\framework\system\Commands\Server\rewrite.php(43): require_once('C:\\xampp\\htdocs...')
#8 {main}
CRITICAL - 2022-01-29 10:27:27 --> Deletes are not allowed unless they contain a "where" or "like" clause.
#0 C:\xampp\htdocs\project2\vendor\codeigniter4\framework\system\Model.php(359): CodeIgniter\Database\BaseBuilder->delete()
#1 C:\xampp\htdocs\project2\vendor\codeigniter4\framework\system\BaseModel.php(963): CodeIgniter\Model->doDelete(NULL, false)
#2 C:\xampp\htdocs\project2\app\Controllers\Admin.php(115): CodeIgniter\BaseModel->delete(NULL)
#3 C:\xampp\htdocs\project2\vendor\codeigniter4\framework\system\CodeIgniter.php(825): App\Controllers\Admin->delete()
#4 C:\xampp\htdocs\project2\vendor\codeigniter4\framework\system\CodeIgniter.php(412): CodeIgniter\CodeIgniter->runController(Object(App\Controllers\Admin))
#5 C:\xampp\htdocs\project2\vendor\codeigniter4\framework\system\CodeIgniter.php(320): CodeIgniter\CodeIgniter->handleRequest(NULL, Object(Config\Cache), false)
#6 C:\xampp\htdocs\project2\public\index.php(37): CodeIgniter\CodeIgniter->run()
#7 C:\xampp\htdocs\project2\vendor\codeigniter4\framework\system\Commands\Server\rewrite.php(43): require_once('C:\\xampp\\htdocs...')
#8 {main}
CRITICAL - 2022-01-29 10:29:12 --> Deletes are not allowed unless they contain a "where" or "like" clause.
#0 C:\xampp\htdocs\project2\vendor\codeigniter4\framework\system\Model.php(359): CodeIgniter\Database\BaseBuilder->delete()
#1 C:\xampp\htdocs\project2\vendor\codeigniter4\framework\system\BaseModel.php(963): CodeIgniter\Model->doDelete(NULL, false)
#2 C:\xampp\htdocs\project2\app\Controllers\Admin.php(115): CodeIgniter\BaseModel->delete(NULL)
#3 C:\xampp\htdocs\project2\vendor\codeigniter4\framework\system\CodeIgniter.php(825): App\Controllers\Admin->delete()
#4 C:\xampp\htdocs\project2\vendor\codeigniter4\framework\system\CodeIgniter.php(412): CodeIgniter\CodeIgniter->runController(Object(App\Controllers\Admin))
#5 C:\xampp\htdocs\project2\vendor\codeigniter4\framework\system\CodeIgniter.php(320): CodeIgniter\CodeIgniter->handleRequest(NULL, Object(Config\Cache), false)
#6 C:\xampp\htdocs\project2\public\index.php(37): CodeIgniter\CodeIgniter->run()
#7 C:\xampp\htdocs\project2\vendor\codeigniter4\framework\system\Commands\Server\rewrite.php(43): require_once('C:\\xampp\\htdocs...')
#8 {main}
CRITICAL - 2022-01-29 10:30:37 --> Deletes are not allowed unless they contain a "where" or "like" clause.
#0 C:\xampp\htdocs\project2\vendor\codeigniter4\framework\system\Model.php(359): CodeIgniter\Database\BaseBuilder->delete()
#1 C:\xampp\htdocs\project2\vendor\codeigniter4\framework\system\BaseModel.php(963): CodeIgniter\Model->doDelete(NULL, false)
#2 C:\xampp\htdocs\project2\app\Controllers\Admin.php(115): CodeIgniter\BaseModel->delete(NULL)
#3 C:\xampp\htdocs\project2\vendor\codeigniter4\framework\system\CodeIgniter.php(825): App\Controllers\Admin->delete()
#4 C:\xampp\htdocs\project2\vendor\codeigniter4\framework\system\CodeIgniter.php(412): CodeIgniter\CodeIgniter->runController(Object(App\Controllers\Admin))
#5 C:\xampp\htdocs\project2\vendor\codeigniter4\framework\system\CodeIgniter.php(320): CodeIgniter\CodeIgniter->handleRequest(NULL, Object(Config\Cache), false)
#6 C:\xampp\htdocs\project2\public\index.php(37): CodeIgniter\CodeIgniter->run()
#7 C:\xampp\htdocs\project2\vendor\codeigniter4\framework\system\Commands\Server\rewrite.php(43): require_once('C:\\xampp\\htdocs...')
#8 {main}
ERROR - 2022-01-29 10:57:58 --> Duplicate entry '3' for key 'PRIMARY'
CRITICAL - 2022-01-29 10:57:58 --> Duplicate entry '3' for key 'PRIMARY'
#0 C:\xampp\htdocs\project2\vendor\codeigniter4\framework\system\Database\MySQLi\Connection.php(292): mysqli->query('INSERT INTO `da...', 0)
#1 C:\xampp\htdocs\project2\vendor\codeigniter4\framework\system\Database\BaseConnection.php(670): CodeIgniter\Database\MySQLi\Connection->execute('INSERT INTO `da...')
#2 C:\xampp\htdocs\project2\vendor\codeigniter4\framework\system\Database\BaseConnection.php(598): CodeIgniter\Database\BaseConnection->simpleQuery('INSERT INTO `da...')
#3 C:\xampp\htdocs\project2\vendor\codeigniter4\framework\system\Database\BaseBuilder.php(1771): CodeIgniter\Database\BaseConnection->query('INSERT INTO `da...', Array, false)
#4 C:\xampp\htdocs\project2\vendor\codeigniter4\framework\system\Model.php(239): CodeIgniter\Database\BaseBuilder->insert()
#5 C:\xampp\htdocs\project2\vendor\codeigniter4\framework\system\BaseModel.php(738): CodeIgniter\Model->doInsert(Array)
#6 C:\xampp\htdocs\project2\vendor\codeigniter4\framework\system\Model.php(625): CodeIgniter\BaseModel->insert(Array, true)
#7 C:\xampp\htdocs\project2\app\Controllers\Admin.php(42): CodeIgniter\Model->insert(Array)
#8 C:\xampp\htdocs\project2\vendor\codeigniter4\framework\system\CodeIgniter.php(825): App\Controllers\Admin->submit()
#9 C:\xampp\htdocs\project2\vendor\codeigniter4\framework\system\CodeIgniter.php(412): CodeIgniter\CodeIgniter->runController(Object(App\Controllers\Admin))
#10 C:\xampp\htdocs\project2\vendor\codeigniter4\framework\system\CodeIgniter.php(320): CodeIgniter\CodeIgniter->handleRequest(NULL, Object(Config\Cache), false)
#11 C:\xampp\htdocs\project2\public\index.php(37): CodeIgniter\CodeIgniter->run()
#12 C:\xampp\htdocs\project2\vendor\codeigniter4\framework\system\Commands\Server\rewrite.php(43): require_once('C:\\xampp\\htdocs...')
#13 {main}
CRITICAL - 2022-01-29 21:59:31 --> Class 'app\Models\AdminModel' not found
#0 C:\xampp\htdocs\project2\vendor\codeigniter4\framework\system\CodeIgniter.php(825): App\Controllers\Home->data()
#1 C:\xampp\htdocs\project2\vendor\codeigniter4\framework\system\CodeIgniter.php(412): CodeIgniter\CodeIgniter->runController(Object(App\Controllers\Home))
#2 C:\xampp\htdocs\project2\vendor\codeigniter4\framework\system\CodeIgniter.php(320): CodeIgniter\CodeIgniter->handleRequest(NULL, Object(Config\Cache), false)
#3 C:\xampp\htdocs\project2\public\index.php(37): CodeIgniter\CodeIgniter->run()
#4 C:\xampp\htdocs\project2\vendor\codeigniter4\framework\system\Commands\Server\rewrite.php(43): require_once('C:\\xampp\\htdocs...')
#5 {main}
CRITICAL - 2022-01-29 22:00:56 --> Class 'app\Models\AdminModel' not found
#0 C:\xampp\htdocs\project2\vendor\codeigniter4\framework\system\CodeIgniter.php(825): App\Controllers\Home->data()
#1 C:\xampp\htdocs\project2\vendor\codeigniter4\framework\system\CodeIgniter.php(412): CodeIgniter\CodeIgniter->runController(Object(App\Controllers\Home))
#2 C:\xampp\htdocs\project2\vendor\codeigniter4\framework\system\CodeIgniter.php(320): CodeIgniter\CodeIgniter->handleRequest(NULL, Object(Config\Cache), false)
#3 C:\xampp\htdocs\project2\public\index.php(37): CodeIgniter\CodeIgniter->run()
#4 C:\xampp\htdocs\project2\vendor\codeigniter4\framework\system\Commands\Server\rewrite.php(43): require_once('C:\\xampp\\htdocs...')
#5 {main}
CRITICAL - 2022-01-29 22:03:01 --> Class 'app\Models\AdminModel' not found
#0 C:\xampp\htdocs\project2\vendor\codeigniter4\framework\system\CodeIgniter.php(825): App\Controllers\Home->data()
#1 C:\xampp\htdocs\project2\vendor\codeigniter4\framework\system\CodeIgniter.php(412): CodeIgniter\CodeIgniter->runController(Object(App\Controllers\Home))
#2 C:\xampp\htdocs\project2\vendor\codeigniter4\framework\system\CodeIgniter.php(320): CodeIgniter\CodeIgniter->handleRequest(NULL, Object(Config\Cache), false)
#3 C:\xampp\htdocs\project2\public\index.php(37): CodeIgniter\CodeIgniter->run()
#4 C:\xampp\htdocs\project2\vendor\codeigniter4\framework\system\Commands\Server\rewrite.php(43): require_once('C:\\xampp\\htdocs...')
#5 {main}
CRITICAL - 2022-01-29 22:49:33 --> syntax error, unexpected 'echo' (T_ECHO)
#0 C:\xampp\htdocs\project2\vendor\codeigniter4\framework\system\View\View.php(213): CodeIgniter\View\View->CodeIgniter\View\{closure}()
#1 C:\xampp\htdocs\project2\vendor\codeigniter4\framework\system\View\View.php(226): CodeIgniter\View\View->render('layout/theme', Array, true)
#2 C:\xampp\htdocs\project2\vendor\codeigniter4\framework\system\Common.php(1089): CodeIgniter\View\View->render('home', Array, true)
#3 C:\xampp\htdocs\project2\app\Controllers\Home.php(15): view('home', Array)
#4 C:\xampp\htdocs\project2\vendor\codeigniter4\framework\system\CodeIgniter.php(825): App\Controllers\Home->index()
#5 C:\xampp\htdocs\project2\vendor\codeigniter4\framework\system\CodeIgniter.php(412): CodeIgniter\CodeIgniter->runController(Object(App\Controllers\Home))
#6 C:\xampp\htdocs\project2\vendor\codeigniter4\framework\system\CodeIgniter.php(320): CodeIgniter\CodeIgniter->handleRequest(NULL, Object(Config\Cache), false)
#7 C:\xampp\htdocs\project2\public\index.php(37): CodeIgniter\CodeIgniter->run()
#8 C:\xampp\htdocs\project2\vendor\codeigniter4\framework\system\Commands\Server\rewrite.php(43): require_once('C:\\xampp\\htdocs...')
#9 {main}
CRITICAL - 2022-01-29 22:59:25 --> Call to a member function orderBy() on array
#0 C:\xampp\htdocs\project2\vendor\codeigniter4\framework\system\CodeIgniter.php(825): App\Controllers\Home->data()
#1 C:\xampp\htdocs\project2\vendor\codeigniter4\framework\system\CodeIgniter.php(412): CodeIgniter\CodeIgniter->runController(Object(App\Controllers\Home))
#2 C:\xampp\htdocs\project2\vendor\codeigniter4\framework\system\CodeIgniter.php(320): CodeIgniter\CodeIgniter->handleRequest(NULL, Object(Config\Cache), false)
#3 C:\xampp\htdocs\project2\public\index.php(37): CodeIgniter\CodeIgniter->run()
#4 C:\xampp\htdocs\project2\vendor\codeigniter4\framework\system\Commands\Server\rewrite.php(43): require_once('C:\\xampp\\htdocs...')
#5 {main}
CRITICAL - 2022-01-29 22:59:57 --> Call to a member function orderBy() on array
#0 C:\xampp\htdocs\project2\vendor\codeigniter4\framework\system\CodeIgniter.php(825): App\Controllers\Home->data()
#1 C:\xampp\htdocs\project2\vendor\codeigniter4\framework\system\CodeIgniter.php(412): CodeIgniter\CodeIgniter->runController(Object(App\Controllers\Home))
#2 C:\xampp\htdocs\project2\vendor\codeigniter4\framework\system\CodeIgniter.php(320): CodeIgniter\CodeIgniter->handleRequest(NULL, Object(Config\Cache), false)
#3 C:\xampp\htdocs\project2\public\index.php(37): CodeIgniter\CodeIgniter->run()
#4 C:\xampp\htdocs\project2\vendor\codeigniter4\framework\system\Commands\Server\rewrite.php(43): require_once('C:\\xampp\\htdocs...')
#5 {main}
CRITICAL - 2022-01-29 23:01:00 --> Call to a member function orderBy() on array
#0 C:\xampp\htdocs\project2\vendor\codeigniter4\framework\system\CodeIgniter.php(825): App\Controllers\Home->data()
#1 C:\xampp\htdocs\project2\vendor\codeigniter4\framework\system\CodeIgniter.php(412): CodeIgniter\CodeIgniter->runController(Object(App\Controllers\Home))
#2 C:\xampp\htdocs\project2\vendor\codeigniter4\framework\system\CodeIgniter.php(320): CodeIgniter\CodeIgniter->handleRequest(NULL, Object(Config\Cache), false)
#3 C:\xampp\htdocs\project2\public\index.php(37): CodeIgniter\CodeIgniter->run()
#4 C:\xampp\htdocs\project2\vendor\codeigniter4\framework\system\Commands\Server\rewrite.php(43): require_once('C:\\xampp\\htdocs...')
#5 {main}
CRITICAL - 2022-01-29 23:04:22 --> Call to a member function orderBy() on array
#0 C:\xampp\htdocs\project2\vendor\codeigniter4\framework\system\CodeIgniter.php(825): App\Controllers\Home->data()
#1 C:\xampp\htdocs\project2\vendor\codeigniter4\framework\system\CodeIgniter.php(412): CodeIgniter\CodeIgniter->runController(Object(App\Controllers\Home))
#2 C:\xampp\htdocs\project2\vendor\codeigniter4\framework\system\CodeIgniter.php(320): CodeIgniter\CodeIgniter->handleRequest(NULL, Object(Config\Cache), false)
#3 C:\xampp\htdocs\project2\public\index.php(37): CodeIgniter\CodeIgniter->run()
#4 C:\xampp\htdocs\project2\vendor\codeigniter4\framework\system\Commands\Server\rewrite.php(43): require_once('C:\\xampp\\htdocs...')
#5 {main}
CRITICAL - 2022-01-29 23:05:46 --> Argument 2 passed to CodeIgniter\Database\BaseBuilder::orderBy() must be of the type string, null given, called in C:\xampp\htdocs\project2\vendor\codeigniter4\framework\system\Model.php on line 728
#0 C:\xampp\htdocs\project2\vendor\codeigniter4\framework\system\Model.php(728): CodeIgniter\Database\BaseBuilder->orderBy('nama', NULL)
#1 C:\xampp\htdocs\project2\app\Controllers\Home.php(85): CodeIgniter\Model->__call('orderBy', Array)
#2 C:\xampp\htdocs\project2\vendor\codeigniter4\framework\system\CodeIgniter.php(825): App\Controllers\Home->data()
#3 C:\xampp\htdocs\project2\vendor\codeigniter4\framework\system\CodeIgniter.php(412): CodeIgniter\CodeIgniter->runController(Object(App\Controllers\Home))
#4 C:\xampp\htdocs\project2\vendor\codeigniter4\framework\system\CodeIgniter.php(320): CodeIgniter\CodeIgniter->handleRequest(NULL, Object(Config\Cache), false)
#5 C:\xampp\htdocs\project2\public\index.php(37): CodeIgniter\CodeIgniter->run()
#6 C:\xampp\htdocs\project2\vendor\codeigniter4\framework\system\Commands\Server\rewrite.php(43): require_once('C:\\xampp\\htdocs...')
#7 {main}
CRITICAL - 2022-01-29 23:07:17 --> Argument 2 passed to CodeIgniter\Database\BaseBuilder::orderBy() must be of the type string, null given, called in C:\xampp\htdocs\project2\vendor\codeigniter4\framework\system\Model.php on line 728
#0 C:\xampp\htdocs\project2\vendor\codeigniter4\framework\system\Model.php(728): CodeIgniter\Database\BaseBuilder->orderBy('nama', NULL)
#1 C:\xampp\htdocs\project2\app\Controllers\Home.php(86): CodeIgniter\Model->__call('orderBy', Array)
#2 C:\xampp\htdocs\project2\vendor\codeigniter4\framework\system\CodeIgniter.php(825): App\Controllers\Home->data()
#3 C:\xampp\htdocs\project2\vendor\codeigniter4\framework\system\CodeIgniter.php(412): CodeIgniter\CodeIgniter->runController(Object(App\Controllers\Home))
#4 C:\xampp\htdocs\project2\vendor\codeigniter4\framework\system\CodeIgniter.php(320): CodeIgniter\CodeIgniter->handleRequest(NULL, Object(Config\Cache), false)
#5 C:\xampp\htdocs\project2\public\index.php(37): CodeIgniter\CodeIgniter->run()
#6 C:\xampp\htdocs\project2\vendor\codeigniter4\framework\system\Commands\Server\rewrite.php(43): require_once('C:\\xampp\\htdocs...')
#7 {main}
CRITICAL - 2022-01-29 23:07:55 --> Argument 2 passed to CodeIgniter\Database\BaseBuilder::orderBy() must be of the type string, null given, called in C:\xampp\htdocs\project2\vendor\codeigniter4\framework\system\Model.php on line 728
#0 C:\xampp\htdocs\project2\vendor\codeigniter4\framework\system\Model.php(728): CodeIgniter\Database\BaseBuilder->orderBy('nama', NULL)
#1 C:\xampp\htdocs\project2\app\Controllers\Home.php(86): CodeIgniter\Model->__call('orderBy', Array)
#2 C:\xampp\htdocs\project2\vendor\codeigniter4\framework\system\CodeIgniter.php(825): App\Controllers\Home->data()
#3 C:\xampp\htdocs\project2\vendor\codeigniter4\framework\system\CodeIgniter.php(412): CodeIgniter\CodeIgniter->runController(Object(App\Controllers\Home))
#4 C:\xampp\htdocs\project2\vendor\codeigniter4\framework\system\CodeIgniter.php(320): CodeIgniter\CodeIgniter->handleRequest(NULL, Object(Config\Cache), false)
#5 C:\xampp\htdocs\project2\public\index.php(37): CodeIgniter\CodeIgniter->run()
#6 C:\xampp\htdocs\project2\vendor\codeigniter4\framework\system\Commands\Server\rewrite.php(43): require_once('C:\\xampp\\htdocs...')
#7 {main}
CRITICAL - 2022-01-29 23:12:03 --> A non-numeric value encountered
#0 C:\xampp\htdocs\project2\app\Controllers\Home.php(63): CodeIgniter\Debug\Exceptions->errorHandler(2, 'A non-numeric v...', 'C:\\xampp\\htdocs...', 63, Array)
#1 C:\xampp\htdocs\project2\vendor\codeigniter4\framework\system\CodeIgniter.php(825): App\Controllers\Home->data()
#2 C:\xampp\htdocs\project2\vendor\codeigniter4\framework\system\CodeIgniter.php(412): CodeIgniter\CodeIgniter->runController(Object(App\Controllers\Home))
#3 C:\xampp\htdocs\project2\vendor\codeigniter4\framework\system\CodeIgniter.php(320): CodeIgniter\CodeIgniter->handleRequest(NULL, Object(Config\Cache), false)
#4 C:\xampp\htdocs\project2\public\index.php(37): CodeIgniter\CodeIgniter->run()
#5 C:\xampp\htdocs\project2\vendor\codeigniter4\framework\system\Commands\Server\rewrite.php(43): require_once('C:\\xampp\\htdocs...')
#6 {main}
CRITICAL - 2022-01-29 23:12:51 --> Undefined index: 
#0 C:\xampp\htdocs\project2\app\Controllers\Home.php(86): CodeIgniter\Debug\Exceptions->errorHandler(8, 'Undefined index...', 'C:\\xampp\\htdocs...', 86, Array)
#1 C:\xampp\htdocs\project2\vendor\codeigniter4\framework\system\CodeIgniter.php(825): App\Controllers\Home->data()
#2 C:\xampp\htdocs\project2\vendor\codeigniter4\framework\system\CodeIgniter.php(412): CodeIgniter\CodeIgniter->runController(Object(App\Controllers\Home))
#3 C:\xampp\htdocs\project2\vendor\codeigniter4\framework\system\CodeIgniter.php(320): CodeIgniter\CodeIgniter->handleRequest(NULL, Object(Config\Cache), false)
#4 C:\xampp\htdocs\project2\public\index.php(37): CodeIgniter\CodeIgniter->run()
#5 C:\xampp\htdocs\project2\vendor\codeigniter4\framework\system\Commands\Server\rewrite.php(43): require_once('C:\\xampp\\htdocs...')
#6 {main}
CRITICAL - 2022-01-29 23:13:29 --> Undefined index: 
#0 C:\xampp\htdocs\project2\app\Controllers\Home.php(87): CodeIgniter\Debug\Exceptions->errorHandler(8, 'Undefined index...', 'C:\\xampp\\htdocs...', 87, Array)
#1 C:\xampp\htdocs\project2\vendor\codeigniter4\framework\system\CodeIgniter.php(825): App\Controllers\Home->data()
#2 C:\xampp\htdocs\project2\vendor\codeigniter4\framework\system\CodeIgniter.php(412): CodeIgniter\CodeIgniter->runController(Object(App\Controllers\Home))
#3 C:\xampp\htdocs\project2\vendor\codeigniter4\framework\system\CodeIgniter.php(320): CodeIgniter\CodeIgniter->handleRequest(NULL, Object(Config\Cache), false)
#4 C:\xampp\htdocs\project2\public\index.php(37): CodeIgniter\CodeIgniter->run()
#5 C:\xampp\htdocs\project2\vendor\codeigniter4\framework\system\Commands\Server\rewrite.php(43): require_once('C:\\xampp\\htdocs...')
#6 {main}
CRITICAL - 2022-01-29 23:16:06 --> Cannot use isset() on the result of an expression (you can use "null !== expression" instead)
#0 [internal function]: CodeIgniter\Debug\Exceptions->shutdownHandler()
#1 {main}
CRITICAL - 2022-01-29 23:17:54 --> Undefined variable: index
#0 C:\xampp\htdocs\project2\app\Controllers\Home.php(93): CodeIgniter\Debug\Exceptions->errorHandler(8, 'Undefined varia...', 'C:\\xampp\\htdocs...', 93, Array)
#1 C:\xampp\htdocs\project2\vendor\codeigniter4\framework\system\CodeIgniter.php(825): App\Controllers\Home->data()
#2 C:\xampp\htdocs\project2\vendor\codeigniter4\framework\system\CodeIgniter.php(412): CodeIgniter\CodeIgniter->runController(Object(App\Controllers\Home))
#3 C:\xampp\htdocs\project2\vendor\codeigniter4\framework\system\CodeIgniter.php(320): CodeIgniter\CodeIgniter->handleRequest(NULL, Object(Config\Cache), false)
#4 C:\xampp\htdocs\project2\public\index.php(37): CodeIgniter\CodeIgniter->run()
#5 C:\xampp\htdocs\project2\vendor\codeigniter4\framework\system\Commands\Server\rewrite.php(43): require_once('C:\\xampp\\htdocs...')
#6 {main}
CRITICAL - 2022-01-29 23:17:56 --> Undefined variable: index
#0 C:\xampp\htdocs\project2\app\Controllers\Home.php(93): CodeIgniter\Debug\Exceptions->errorHandler(8, 'Undefined varia...', 'C:\\xampp\\htdocs...', 93, Array)
#1 C:\xampp\htdocs\project2\vendor\codeigniter4\framework\system\CodeIgniter.php(825): App\Controllers\Home->data()
#2 C:\xampp\htdocs\project2\vendor\codeigniter4\framework\system\CodeIgniter.php(412): CodeIgniter\CodeIgniter->runController(Object(App\Controllers\Home))
#3 C:\xampp\htdocs\project2\vendor\codeigniter4\framework\system\CodeIgniter.php(320): CodeIgniter\CodeIgniter->handleRequest(NULL, Object(Config\Cache), false)
#4 C:\xampp\htdocs\project2\public\index.php(37): CodeIgniter\CodeIgniter->run()
#5 C:\xampp\htdocs\project2\vendor\codeigniter4\framework\system\Commands\Server\rewrite.php(43): require_once('C:\\xampp\\htdocs...')
#6 {main}
CRITICAL - 2022-01-29 23:18:56 --> Undefined variable: index
#0 C:\xampp\htdocs\project2\app\Controllers\Home.php(93): CodeIgniter\Debug\Exceptions->errorHandler(8, 'Undefined varia...', 'C:\\xampp\\htdocs...', 93, Array)
#1 C:\xampp\htdocs\project2\vendor\codeigniter4\framework\system\CodeIgniter.php(825): App\Controllers\Home->data()
#2 C:\xampp\htdocs\project2\vendor\codeigniter4\framework\system\CodeIgniter.php(412): CodeIgniter\CodeIgniter->runController(Object(App\Controllers\Home))
#3 C:\xampp\htdocs\project2\vendor\codeigniter4\framework\system\CodeIgniter.php(320): CodeIgniter\CodeIgniter->handleRequest(NULL, Object(Config\Cache), false)
#4 C:\xampp\htdocs\project2\public\index.php(37): CodeIgniter\CodeIgniter->run()
#5 C:\xampp\htdocs\project2\vendor\codeigniter4\framework\system\Commands\Server\rewrite.php(43): require_once('C:\\xampp\\htdocs...')
#6 {main}
CRITICAL - 2022-01-29 23:18:58 --> Undefined variable: index
#0 C:\xampp\htdocs\project2\app\Controllers\Home.php(93): CodeIgniter\Debug\Exceptions->errorHandler(8, 'Undefined varia...', 'C:\\xampp\\htdocs...', 93, Array)
#1 C:\xampp\htdocs\project2\vendor\codeigniter4\framework\system\CodeIgniter.php(825): App\Controllers\Home->data()
#2 C:\xampp\htdocs\project2\vendor\codeigniter4\framework\system\CodeIgniter.php(412): CodeIgniter\CodeIgniter->runController(Object(App\Controllers\Home))
#3 C:\xampp\htdocs\project2\vendor\codeigniter4\framework\system\CodeIgniter.php(320): CodeIgniter\CodeIgniter->handleRequest(NULL, Object(Config\Cache), false)
#4 C:\xampp\htdocs\project2\public\index.php(37): CodeIgniter\CodeIgniter->run()
#5 C:\xampp\htdocs\project2\vendor\codeigniter4\framework\system\Commands\Server\rewrite.php(43): require_once('C:\\xampp\\htdocs...')
#6 {main}
CRITICAL - 2022-01-29 23:20:14 --> Undefined variable: order
#0 C:\xampp\htdocs\project2\app\Controllers\Home.php(93): CodeIgniter\Debug\Exceptions->errorHandler(8, 'Undefined varia...', 'C:\\xampp\\htdocs...', 93, Array)
#1 C:\xampp\htdocs\project2\vendor\codeigniter4\framework\system\CodeIgniter.php(825): App\Controllers\Home->data()
#2 C:\xampp\htdocs\project2\vendor\codeigniter4\framework\system\CodeIgniter.php(412): CodeIgniter\CodeIgniter->runController(Object(App\Controllers\Home))
#3 C:\xampp\htdocs\project2\vendor\codeigniter4\framework\system\CodeIgniter.php(320): CodeIgniter\CodeIgniter->handleRequest(NULL, Object(Config\Cache), false)
#4 C:\xampp\htdocs\project2\public\index.php(37): CodeIgniter\CodeIgniter->run()
#5 C:\xampp\htdocs\project2\vendor\codeigniter4\framework\system\Commands\Server\rewrite.php(43): require_once('C:\\xampp\\htdocs...')
#6 {main}
CRITICAL - 2022-01-29 23:28:00 --> Trying to get property 'collumn' of non-object
#0 C:\xampp\htdocs\project2\app\Controllers\Home.php(115): CodeIgniter\Debug\Exceptions->errorHandler(8, 'Trying to get p...', 'C:\\xampp\\htdocs...', 115, Array)
#1 C:\xampp\htdocs\project2\vendor\codeigniter4\framework\system\CodeIgniter.php(825): App\Controllers\Home->data()
#2 C:\xampp\htdocs\project2\vendor\codeigniter4\framework\system\CodeIgniter.php(412): CodeIgniter\CodeIgniter->runController(Object(App\Controllers\Home))
#3 C:\xampp\htdocs\project2\vendor\codeigniter4\framework\system\CodeIgniter.php(320): CodeIgniter\CodeIgniter->handleRequest(NULL, Object(Config\Cache), false)
#4 C:\xampp\htdocs\project2\public\index.php(37): CodeIgniter\CodeIgniter->run()
#5 C:\xampp\htdocs\project2\vendor\codeigniter4\framework\system\Commands\Server\rewrite.php(43): require_once('C:\\xampp\\htdocs...')
#6 {main}
CRITICAL - 2022-01-29 23:28:49 --> Trying to access array offset on value of type null
#0 C:\xampp\htdocs\project2\app\Controllers\Home.php(115): CodeIgniter\Debug\Exceptions->errorHandler(8, 'Trying to acces...', 'C:\\xampp\\htdocs...', 115, Array)
#1 C:\xampp\htdocs\project2\vendor\codeigniter4\framework\system\CodeIgniter.php(825): App\Controllers\Home->data()
#2 C:\xampp\htdocs\project2\vendor\codeigniter4\framework\system\CodeIgniter.php(412): CodeIgniter\CodeIgniter->runController(Object(App\Controllers\Home))
#3 C:\xampp\htdocs\project2\vendor\codeigniter4\framework\system\CodeIgniter.php(320): CodeIgniter\CodeIgniter->handleRequest(NULL, Object(Config\Cache), false)
#4 C:\xampp\htdocs\project2\public\index.php(37): CodeIgniter\CodeIgniter->run()
#5 C:\xampp\htdocs\project2\vendor\codeigniter4\framework\system\Commands\Server\rewrite.php(43): require_once('C:\\xampp\\htdocs...')
#6 {main}
CRITICAL - 2022-01-29 23:29:44 --> Trying to get property 'column' of non-object
#0 C:\xampp\htdocs\project2\app\Controllers\Home.php(115): CodeIgniter\Debug\Exceptions->errorHandler(8, 'Trying to get p...', 'C:\\xampp\\htdocs...', 115, Array)
#1 C:\xampp\htdocs\project2\vendor\codeigniter4\framework\system\CodeIgniter.php(825): App\Controllers\Home->data()
#2 C:\xampp\htdocs\project2\vendor\codeigniter4\framework\system\CodeIgniter.php(412): CodeIgniter\CodeIgniter->runController(Object(App\Controllers\Home))
#3 C:\xampp\htdocs\project2\vendor\codeigniter4\framework\system\CodeIgniter.php(320): CodeIgniter\CodeIgniter->handleRequest(NULL, Object(Config\Cache), false)
#4 C:\xampp\htdocs\project2\public\index.php(37): CodeIgniter\CodeIgniter->run()
#5 C:\xampp\htdocs\project2\vendor\codeigniter4\framework\system\Commands\Server\rewrite.php(43): require_once('C:\\xampp\\htdocs...')
#6 {main}
CRITICAL - 2022-01-29 23:29:47 --> Trying to get property 'column' of non-object
#0 C:\xampp\htdocs\project2\app\Controllers\Home.php(115): CodeIgniter\Debug\Exceptions->errorHandler(8, 'Trying to get p...', 'C:\\xampp\\htdocs...', 115, Array)
#1 C:\xampp\htdocs\project2\vendor\codeigniter4\framework\system\CodeIgniter.php(825): App\Controllers\Home->data()
#2 C:\xampp\htdocs\project2\vendor\codeigniter4\framework\system\CodeIgniter.php(412): CodeIgniter\CodeIgniter->runController(Object(App\Controllers\Home))
#3 C:\xampp\htdocs\project2\vendor\codeigniter4\framework\system\CodeIgniter.php(320): CodeIgniter\CodeIgniter->handleRequest(NULL, Object(Config\Cache), false)
#4 C:\xampp\htdocs\project2\public\index.php(37): CodeIgniter\CodeIgniter->run()
#5 C:\xampp\htdocs\project2\vendor\codeigniter4\framework\system\Commands\Server\rewrite.php(43): require_once('C:\\xampp\\htdocs...')
#6 {main}
CRITICAL - 2022-01-29 23:34:54 --> Trying to get property 'column' of non-object
#0 C:\xampp\htdocs\project2\app\Controllers\Home.php(63): CodeIgniter\Debug\Exceptions->errorHandler(8, 'Trying to get p...', 'C:\\xampp\\htdocs...', 63, Array)
#1 C:\xampp\htdocs\project2\vendor\codeigniter4\framework\system\CodeIgniter.php(825): App\Controllers\Home->data()
#2 C:\xampp\htdocs\project2\vendor\codeigniter4\framework\system\CodeIgniter.php(412): CodeIgniter\CodeIgniter->runController(Object(App\Controllers\Home))
#3 C:\xampp\htdocs\project2\vendor\codeigniter4\framework\system\CodeIgniter.php(320): CodeIgniter\CodeIgniter->handleRequest(NULL, Object(Config\Cache), false)
#4 C:\xampp\htdocs\project2\public\index.php(37): CodeIgniter\CodeIgniter->run()
#5 C:\xampp\htdocs\project2\vendor\codeigniter4\framework\system\Commands\Server\rewrite.php(43): require_once('C:\\xampp\\htdocs...')
#6 {main}
CRITICAL - 2022-01-29 23:36:05 --> Array and string offset access syntax with curly braces is deprecated
#0 C:\xampp\htdocs\project2\vendor\codeigniter4\framework\system\Autoloader\Autoloader.php(264): CodeIgniter\Debug\Exceptions->errorHandler(8192, 'Array and strin...', 'C:\\xampp\\htdocs...', 63, Array)
#1 C:\xampp\htdocs\project2\vendor\codeigniter4\framework\system\Autoloader\Autoloader.php(264): include_once()
#2 C:\xampp\htdocs\project2\vendor\codeigniter4\framework\system\Autoloader\Autoloader.php(241): CodeIgniter\Autoloader\Autoloader->includeFile('C:\\xampp\\htdocs...')
#3 C:\xampp\htdocs\project2\vendor\codeigniter4\framework\system\Autoloader\Autoloader.php(219): CodeIgniter\Autoloader\Autoloader->loadInNamespace('App\\Controllers...')
#4 [internal function]: CodeIgniter\Autoloader\Autoloader->loadClass('App\\Controllers...')
#5 [internal function]: spl_autoload_call('App\\Controllers...')
#6 C:\xampp\htdocs\project2\vendor\codeigniter4\framework\system\CodeIgniter.php(790): class_exists('\\App\\Controller...', true)
#7 C:\xampp\htdocs\project2\vendor\codeigniter4\framework\system\CodeIgniter.php(399): CodeIgniter\CodeIgniter->startController()
#8 C:\xampp\htdocs\project2\vendor\codeigniter4\framework\system\CodeIgniter.php(320): CodeIgniter\CodeIgniter->handleRequest(NULL, Object(Config\Cache), false)
#9 C:\xampp\htdocs\project2\public\index.php(37): CodeIgniter\CodeIgniter->run()
#10 C:\xampp\htdocs\project2\vendor\codeigniter4\framework\system\Commands\Server\rewrite.php(43): require_once('C:\\xampp\\htdocs...')
#11 {main}
CRITICAL - 2022-01-29 23:36:27 --> Array and string offset access syntax with curly braces is deprecated
#0 C:\xampp\htdocs\project2\vendor\codeigniter4\framework\system\Autoloader\Autoloader.php(264): CodeIgniter\Debug\Exceptions->errorHandler(8192, 'Array and strin...', 'C:\\xampp\\htdocs...', 63, Array)
#1 C:\xampp\htdocs\project2\vendor\codeigniter4\framework\system\Autoloader\Autoloader.php(264): include_once()
#2 C:\xampp\htdocs\project2\vendor\codeigniter4\framework\system\Autoloader\Autoloader.php(241): CodeIgniter\Autoloader\Autoloader->includeFile('C:\\xampp\\htdocs...')
#3 C:\xampp\htdocs\project2\vendor\codeigniter4\framework\system\Autoloader\Autoloader.php(219): CodeIgniter\Autoloader\Autoloader->loadInNamespace('App\\Controllers...')
#4 [internal function]: CodeIgniter\Autoloader\Autoloader->loadClass('App\\Controllers...')
#5 [internal function]: spl_autoload_call('App\\Controllers...')
#6 C:\xampp\htdocs\project2\vendor\codeigniter4\framework\system\CodeIgniter.php(790): class_exists('\\App\\Controller...', true)
#7 C:\xampp\htdocs\project2\vendor\codeigniter4\framework\system\CodeIgniter.php(399): CodeIgniter\CodeIgniter->startController()
#8 C:\xampp\htdocs\project2\vendor\codeigniter4\framework\system\CodeIgniter.php(320): CodeIgniter\CodeIgniter->handleRequest(NULL, Object(Config\Cache), false)
#9 C:\xampp\htdocs\project2\public\index.php(37): CodeIgniter\CodeIgniter->run()
#10 C:\xampp\htdocs\project2\vendor\codeigniter4\framework\system\Commands\Server\rewrite.php(43): require_once('C:\\xampp\\htdocs...')
#11 {main}
CRITICAL - 2022-01-29 23:37:52 --> Trying to access array offset on value of type null
#0 C:\xampp\htdocs\project2\app\Controllers\Home.php(63): CodeIgniter\Debug\Exceptions->errorHandler(8, 'Trying to acces...', 'C:\\xampp\\htdocs...', 63, Array)
#1 C:\xampp\htdocs\project2\vendor\codeigniter4\framework\system\CodeIgniter.php(825): App\Controllers\Home->data()
#2 C:\xampp\htdocs\project2\vendor\codeigniter4\framework\system\CodeIgniter.php(412): CodeIgniter\CodeIgniter->runController(Object(App\Controllers\Home))
#3 C:\xampp\htdocs\project2\vendor\codeigniter4\framework\system\CodeIgniter.php(320): CodeIgniter\CodeIgniter->handleRequest(NULL, Object(Config\Cache), false)
#4 C:\xampp\htdocs\project2\public\index.php(37): CodeIgniter\CodeIgniter->run()
#5 C:\xampp\htdocs\project2\vendor\codeigniter4\framework\system\Commands\Server\rewrite.php(43): require_once('C:\\xampp\\htdocs...')
#6 {main}
