CRITICAL - 2022-01-30 01:07:12 --> Argument 1 passed to CodeIgniter\BaseModel::findAll() must be of the type int, null given, called in C:\xampp\htdocs\project2\app\Controllers\Home.php on line 97
#0 C:\xampp\htdocs\project2\app\Controllers\Home.php(97): CodeIgniter\BaseModel->findAll(NULL, NULL)
#1 C:\xampp\htdocs\project2\vendor\codeigniter4\framework\system\CodeIgniter.php(825): App\Controllers\Home->data()
#2 C:\xampp\htdocs\project2\vendor\codeigniter4\framework\system\CodeIgniter.php(412): CodeIgniter\CodeIgniter->runController(Object(App\Controllers\Home))
#3 C:\xampp\htdocs\project2\vendor\codeigniter4\framework\system\CodeIgniter.php(320): CodeIgniter\CodeIgniter->handleRequest(NULL, Object(Config\Cache), false)
#4 C:\xampp\htdocs\project2\public\index.php(37): CodeIgniter\CodeIgniter->run()
#5 C:\xampp\htdocs\project2\vendor\codeigniter4\framework\system\Commands\Server\rewrite.php(43): require_once('C:\\xampp\\htdocs...')
#6 {main}
CRITICAL - 2022-01-30 01:07:50 --> Argument 1 passed to CodeIgniter\BaseModel::findAll() must be of the type int, null given, called in C:\xampp\htdocs\project2\app\Controllers\Home.php on line 97
#0 C:\xampp\htdocs\project2\app\Controllers\Home.php(97): CodeIgniter\BaseModel->findAll(NULL, NULL)
#1 C:\xampp\htdocs\project2\vendor\codeigniter4\framework\system\CodeIgniter.php(825): App\Controllers\Home->data()
#2 C:\xampp\htdocs\project2\vendor\codeigniter4\framework\system\CodeIgniter.php(412): CodeIgniter\CodeIgniter->runController(Object(App\Controllers\Home))
#3 C:\xampp\htdocs\project2\vendor\codeigniter4\framework\system\CodeIgniter.php(320): CodeIgniter\CodeIgniter->handleRequest(NULL, Object(Config\Cache), false)
#4 C:\xampp\htdocs\project2\public\index.php(37): CodeIgniter\CodeIgniter->run()
#5 C:\xampp\htdocs\project2\vendor\codeigniter4\framework\system\Commands\Server\rewrite.php(43): require_once('C:\\xampp\\htdocs...')
#6 {main}
CRITICAL - 2022-01-30 23:22:19 --> Undefined variable: judul
#0 C:\xampp\htdocs\project2\app\Views\login.php(14): CodeIgniter\Debug\Exceptions->errorHandler(8, 'Undefined varia...', 'C:\\xampp\\htdocs...', 14, Array)
#1 C:\xampp\htdocs\project2\vendor\codeigniter4\framework\system\View\View.php(210): include('C:\\xampp\\htdocs...')
#2 C:\xampp\htdocs\project2\vendor\codeigniter4\framework\system\View\View.php(213): CodeIgniter\View\View->CodeIgniter\View\{closure}()
#3 C:\xampp\htdocs\project2\vendor\codeigniter4\framework\system\Common.php(1089): CodeIgniter\View\View->render('login', Array, true)
#4 C:\xampp\htdocs\project2\app\Controllers\Login.php(41): view('login', Array)
#5 C:\xampp\htdocs\project2\vendor\codeigniter4\framework\system\CodeIgniter.php(825): App\Controllers\Login->submit()
#6 C:\xampp\htdocs\project2\vendor\codeigniter4\framework\system\CodeIgniter.php(412): CodeIgniter\CodeIgniter->runController(Object(App\Controllers\Login))
#7 C:\xampp\htdocs\project2\vendor\codeigniter4\framework\system\CodeIgniter.php(320): CodeIgniter\CodeIgniter->handleRequest(NULL, Object(Config\Cache), false)
#8 C:\xampp\htdocs\project2\public\index.php(37): CodeIgniter\CodeIgniter->run()
#9 C:\xampp\htdocs\project2\vendor\codeigniter4\framework\system\Commands\Server\rewrite.php(43): require_once('C:\\xampp\\htdocs...')
#10 {main}
